<?xml version="1.0" encoding="UTF-8"?>
<!-- Generated by org.testng.reporters.JUnitXMLReporter -->
<testsuite hostname="DESKTOP-CB4GNB3" ignored="0" name="Login to Hotel Page" tests="3" failures="2" timestamp="17 Jul 2020 22:36:52 GMT" time="0.286" errors="0">
  <testcase name="dashboard" time="0.054" classname="tests.TestNGConcepts"/>
  <testcase name="signIn" time="0.006" classname="tests.TestNGConcepts">
    <failure type="java.lang.AssertionError" message="expected [Test] but found [school]">
      <![CDATA[java.lang.AssertionError: expected [Test] but found [school]
at tests.TestNGConcepts.signIn(TestNGConcepts.java:13)
... Removed 34 stack frames]]>
    </failure>
  </testcase> <!-- signIn -->
  <testcase name="signIn" time="0.025" classname="tests.TestNGConcepts">
    <failure type="java.lang.NullPointerException">
      <![CDATA[java.lang.NullPointerException
at utilities.DriverUtility.screenShot(DriverUtility.java:189)
at utilities.TestNGListeners.onTestFailure(TestNGListeners.java:95)
... Removed 25 stack frames]]>
    </failure>
  </testcase> <!-- signIn -->
</testsuite> <!-- Login to Hotel Page -->
